<?xml version="1.0" encoding="UTF-8"?>
<!-- Generated by org.testng.reporters.JUnitReportReporter -->
<testsuite skipped="0" hostname="VR" name="hrm.TestCase_001_LoginLogout" tests="3" failures="0" timestamp="29 May 2020 10:38:07 GMT" time="86.393" errors="0">
  <testcase name="loginLogout" time="35.380" classname="hrm.TestCase_001_LoginLogout"/>
  <testcase name="loginLogout" time="26.427" classname="hrm.TestCase_001_LoginLogout"/>
  <testcase name="loginLogout" time="24.586" classname="hrm.TestCase_001_LoginLogout"/>
</testsuite> <!-- hrm.TestCase_001_LoginLogout -->
