<?xml version="1.0" encoding="UTF-8"?>
<!-- Generated by org.testng.reporters.JUnitReportReporter -->
<testsuite skipped="0" hostname="VR" name="hrm.TestCase_002_EmployeeDetails" tests="1" failures="0" timestamp="29 May 2020 11:51:18 GMT" time="33.826" errors="0">
  <testcase name="fetchEmployeeDetails" time="33.826" classname="hrm.TestCase_002_EmployeeDetails"/>
</testsuite> <!-- hrm.TestCase_002_EmployeeDetails -->
